Determining if the pthread_create exist failed with the following output:
Change Dir: /home/framefreeze/Documents/learn/mxnet-ssd.cpp/build/CMakeFiles/CMakeTmp

Run Build Command:"/usr/bin/make" "cmTC_255d9/fast"
/usr/bin/make -f CMakeFiles/cmTC_255d9.dir/build.make CMakeFiles/cmTC_255d9.dir/build
make[1]: Entering directory '/home/framefreeze/Documents/learn/mxnet-ssd.cpp/build/CMakeFiles/CMakeTmp'
Building C object CMakeFiles/cmTC_255d9.dir/CheckSymbolExists.c.o
/usr/bin/cc    -fPIC    -o CMakeFiles/cmTC_255d9.dir/CheckSymbolExists.c.o   -c /home/framefreeze/Documents/learn/mxnet-ssd.cpp/build/CMakeFiles/CMakeTmp/CheckSymbolExists.c
Linking C executable cmTC_255d9
/home/framefreeze/diy_install/clion-2016.3.3/bin/cmake/bin/cmake -E cmake_link_script CMakeFiles/cmTC_255d9.dir/link.txt --verbose=1
/usr/bin/cc  -fPIC     CMakeFiles/cmTC_255d9.dir/CheckSymbolExists.c.o  -o cmTC_255d9 -rdynamic 
CMakeFiles/cmTC_255d9.dir/CheckSymbolExists.c.o：在函数‘main’中：
CheckSymbolExists.c:(.text+0x1b)：对‘pthread_create’未定义的引用
collect2: error: ld returned 1 exit status
CMakeFiles/cmTC_255d9.dir/build.make:97: recipe for target 'cmTC_255d9' failed
make[1]: *** [cmTC_255d9] Error 1
make[1]: Leaving directory '/home/framefreeze/Documents/learn/mxnet-ssd.cpp/build/CMakeFiles/CMakeTmp'
Makefile:126: recipe for target 'cmTC_255d9/fast' failed
make: *** [cmTC_255d9/fast] Error 2

File /home/framefreeze/Documents/learn/mxnet-ssd.cpp/build/CMakeFiles/CMakeTmp/CheckSymbolExists.c:
/* */
#include <pthread.h>

int main(int argc, char** argv)
{
  (void)argv;
#ifndef pthread_create
  return ((int*)(&pthread_create))[argc];
#else
  (void)argc;
  return 0;
#endif
}

Determining if the function pthread_create exists in the pthreads failed with the following output:
Change Dir: /home/framefreeze/Documents/learn/mxnet-ssd.cpp/build/CMakeFiles/CMakeTmp

Run Build Command:"/usr/bin/make" "cmTC_2433b/fast"
/usr/bin/make -f CMakeFiles/cmTC_2433b.dir/build.make CMakeFiles/cmTC_2433b.dir/build
make[1]: Entering directory '/home/framefreeze/Documents/learn/mxnet-ssd.cpp/build/CMakeFiles/CMakeTmp'
Building C object CMakeFiles/cmTC_2433b.dir/CheckFunctionExists.c.o
/usr/bin/cc    -fPIC -DCHECK_FUNCTION_EXISTS=pthread_create   -o CMakeFiles/cmTC_2433b.dir/CheckFunctionExists.c.o   -c /home/framefreeze/diy_install/clion-2016.3.3/bin/cmake/share/cmake-3.6/Modules/CheckFunctionExists.c
Linking C executable cmTC_2433b
/home/framefreeze/diy_install/clion-2016.3.3/bin/cmake/bin/cmake -E cmake_link_script CMakeFiles/cmTC_2433b.dir/link.txt --verbose=1
/usr/bin/cc  -fPIC -DCHECK_FUNCTION_EXISTS=pthread_create    CMakeFiles/cmTC_2433b.dir/CheckFunctionExists.c.o  -o cmTC_2433b -rdynamic -lpthreads 
/usr/bin/ld: 找不到 -lpthreads
collect2: error: ld returned 1 exit status
CMakeFiles/cmTC_2433b.dir/build.make:97: recipe for target 'cmTC_2433b' failed
make[1]: *** [cmTC_2433b] Error 1
make[1]: Leaving directory '/home/framefreeze/Documents/learn/mxnet-ssd.cpp/build/CMakeFiles/CMakeTmp'
Makefile:126: recipe for target 'cmTC_2433b/fast' failed
make: *** [cmTC_2433b/fast] Error 2


Determining if the pthread_create exist failed with the following output:
Change Dir: /home/framefreeze/Documents/learn/mxnet-ssd.cpp/build/CMakeFiles/CMakeTmp

Run Build Command:"/usr/bin/make" "cmTC_763d8/fast"
/usr/bin/make -f CMakeFiles/cmTC_763d8.dir/build.make CMakeFiles/cmTC_763d8.dir/build
make[1]: Entering directory '/home/framefreeze/Documents/learn/mxnet-ssd.cpp/build/CMakeFiles/CMakeTmp'
Building C object CMakeFiles/cmTC_763d8.dir/CheckSymbolExists.c.o
/usr/bin/cc    -fPIC    -o CMakeFiles/cmTC_763d8.dir/CheckSymbolExists.c.o   -c /home/framefreeze/Documents/learn/mxnet-ssd.cpp/build/CMakeFiles/CMakeTmp/CheckSymbolExists.c
Linking C executable cmTC_763d8
/usr/bin/cmake -E cmake_link_script CMakeFiles/cmTC_763d8.dir/link.txt --verbose=1
/usr/bin/cc  -fPIC     CMakeFiles/cmTC_763d8.dir/CheckSymbolExists.c.o  -o cmTC_763d8 -rdynamic 
CMakeFiles/cmTC_763d8.dir/CheckSymbolExists.c.o：在函数‘main’中：
CheckSymbolExists.c:(.text+0x1b)：对‘pthread_create’未定义的引用
collect2: error: ld returned 1 exit status
CMakeFiles/cmTC_763d8.dir/build.make:97: recipe for target 'cmTC_763d8' failed
make[1]: *** [cmTC_763d8] Error 1
make[1]: Leaving directory '/home/framefreeze/Documents/learn/mxnet-ssd.cpp/build/CMakeFiles/CMakeTmp'
Makefile:126: recipe for target 'cmTC_763d8/fast' failed
make: *** [cmTC_763d8/fast] Error 2

File /home/framefreeze/Documents/learn/mxnet-ssd.cpp/build/CMakeFiles/CMakeTmp/CheckSymbolExists.c:
/* */
#include <pthread.h>

int main(int argc, char** argv)
{
  (void)argv;
#ifndef pthread_create
  return ((int*)(&pthread_create))[argc];
#else
  (void)argc;
  return 0;
#endif
}

Determining if the function pthread_create exists in the pthreads failed with the following output:
Change Dir: /home/framefreeze/Documents/learn/mxnet-ssd.cpp/build/CMakeFiles/CMakeTmp

Run Build Command:"/usr/bin/make" "cmTC_34e07/fast"
/usr/bin/make -f CMakeFiles/cmTC_34e07.dir/build.make CMakeFiles/cmTC_34e07.dir/build
make[1]: Entering directory '/home/framefreeze/Documents/learn/mxnet-ssd.cpp/build/CMakeFiles/CMakeTmp'
Building C object CMakeFiles/cmTC_34e07.dir/CheckFunctionExists.c.o
/usr/bin/cc    -fPIC -DCHECK_FUNCTION_EXISTS=pthread_create   -o CMakeFiles/cmTC_34e07.dir/CheckFunctionExists.c.o   -c /usr/share/cmake-3.5/Modules/CheckFunctionExists.c
Linking C executable cmTC_34e07
/usr/bin/cmake -E cmake_link_script CMakeFiles/cmTC_34e07.dir/link.txt --verbose=1
/usr/bin/cc  -fPIC -DCHECK_FUNCTION_EXISTS=pthread_create    CMakeFiles/cmTC_34e07.dir/CheckFunctionExists.c.o  -o cmTC_34e07 -rdynamic -lpthreads 
/usr/bin/ld: 找不到 -lpthreads
collect2: error: ld returned 1 exit status
CMakeFiles/cmTC_34e07.dir/build.make:97: recipe for target 'cmTC_34e07' failed
make[1]: *** [cmTC_34e07] Error 1
make[1]: Leaving directory '/home/framefreeze/Documents/learn/mxnet-ssd.cpp/build/CMakeFiles/CMakeTmp'
Makefile:126: recipe for target 'cmTC_34e07/fast' failed
make: *** [cmTC_34e07/fast] Error 2


